[INFO] [UHD] linux; GNU C++ version 13.2.0; Boost_108300; UHD_4.6.0.HEAD-0-g50fa3baa
[INFO] [X300] X300 initialization sequence...
[INFO] [X300] Maximum frame size: 1472 bytes.
[INFO] [GPS] Found an internal GPSDO: LC_XO, Firmware Rev 0.929a
[INFO] [X300] Radio 1x clock: 200 MHz
[INFO] [MULTI_USRP]     1) catch time transition at pps edge
[INFO] [MULTI_USRP]     2) set times next pps (synchronously)
[INFO] [X300] X300 initialization sequence...
[INFO] [X300] Maximum frame size: 1472 bytes.
[INFO] [X300] Radio 1x clock: 200 MHz
MAPPER: encoding: 0
chunks_to_symbols :info: set_min_output_buffer on block 9 to 207744
fft_v_fftw :info: set_min_output_buffer on block 11 to 2077440
ofdm_cyclic_prefixer :info: set_min_output_buffer on block 13 to 2077440
ofdm_carrier_allocator_cvc :info: set_min_output_buffer on block 14 to 207744
chunks_to_symbols :info: set_min_output_buffer on block 15 to 415488
tagged_stream_mux :info: set_min_output_buffer on block 16 to 207744
[INFO] [X300] X300 initialization sequence...
[INFO] [X300] Maximum frame size: 1472 bytes.
[INFO] [X300] Radio 1x clock: 200 MHz
This plugin does not support propagateSizeHints()
[WARNING] [0/Radio#0] Attempting to set tick rate to 0. Skipping.
This plugin does not support propagateSizeHints()
RX TEXT: 000001 HELLO WORLD
RX TEXT: 000001 HELLO WORLD
RX TEXT: 000001 HELLO WORLD
RX TEXT: 000001 HELLO WORLD
RX TEXT: 000001 HELLO WORLD
RX TEXT: 000001 HELLO WORLD
RX TEXT: 000001 HELLO WORLD
RX TEXT: 000001 HELLO WORLD
RX TEXT: 000001 HELLO WORLD
RX TEXT: 000001 HELLO WORLD
RX TEXT: 000001 HELLO WORLD
RX TEXT: 000001 HELLO WORLD
RX TEXT: 000001 HELLO WORLD
RX TEXT: 000001 HELLO WORLD
RX TEXT: 000001 HELLO WORLD
RX TEXT: 000001 HELLO WORLD
RX TEXT: 000001 HELLO WORLD
RX TEXT: 000001 HELLO WORLD
RX TEXT: 000001 HELLO WORLD
RX TEXT: 000001 HELLO WORLD
RX TEXT: 000001 HELLO WORLD
RX TEXT: 000001 HELLO WORLD
RX TEXT: 000001 HELLO WORLD
