[INFO] [UHD] linux; GNU C++ version 13.2.0; Boost_108300; UHD_4.6.0.HEAD-0-g50fa3baa
[INFO] [X300] X300 initialization sequence...
[INFO] [X300] Maximum frame size: 1472 bytes.
[INFO] [X300] Radio 1x clock: 200 MHz
[WARNING] [RFNOC::BLOCK_FACTORY] Could not find block with Noc-ID 0xdafa7703, 0xffff
[INFO] [0/Block#0] Setting default MTU forward policy.
[WARNING] [RFNOC::BLOCK_FACTORY] Could not find block with Noc-ID 0xdafa7703, 0xffff
[INFO] [0/Block#1] Setting default MTU forward policy.
[WARNING] [RFNOC::BLOCK_FACTORY] Could not find block with Noc-ID 0xd937c02f, 0xffff
[INFO] [0/Block#2] Setting default MTU forward policy.
[INFO] [MULTI_USRP]     1) catch time transition at pps edge
[INFO] [MULTI_USRP]     2) set times next pps (synchronously)
[INFO] [X300] X300 initialization sequence...
[INFO] [X300] Maximum frame size: 1472 bytes.
[INFO] [X300] Radio 1x clock: 200 MHz
[INFO] [MULTI_USRP]     1) catch time transition at pps edge
[INFO] [MULTI_USRP]     2) set times next pps (synchronously)
MAPPER: encoding: 0
chunks_to_symbols :info: set_min_output_buffer on block 9 to 207744
fft_v_fftw :info: set_min_output_buffer on block 11 to 2077440
ofdm_cyclic_prefixer :info: set_min_output_buffer on block 13 to 2077440
ofdm_carrier_allocator_cvc :info: set_min_output_buffer on block 14 to 207744
chunks_to_symbols :info: set_min_output_buffer on block 15 to 415488
tagged_stream_mux :info: set_min_output_buffer on block 16 to 207744
[INFO] [X300] X300 initialization sequence...
[INFO] [X300] Maximum frame size: 1472 bytes.
[INFO] [X300] Radio 1x clock: 200 MHz
foo_packet_pad2 :info: set_min_output_buffer on block 34 to 65536
tagged_stream_multiply_length :info: set_min_output_buffer on block 38 to 65536
float_to_complex :info: set_min_output_buffer on block 44 to 65536
float_to_complex :info: set_min_output_buffer on block 44 to 8192
tagged_stream_multiply_length :info: set_min_output_buffer on block 38 to 8192
foo_packet_pad2 :info: set_min_output_buffer on block 34 to 8192
[WARNING] [0/Radio#0] Attempting to set tick rate to 0. Skipping.
[WARNING] [0/Radio#0] Attempting to set tick rate to 0. Skipping.
Uusrp_sink :error: In the last 21247 ms, 1 underflows occurred.
UUUUUUUUUUUUUUUUUUUUUUusrp_sink :error: In the last 750 ms, 22 underflows occurred.
UUUUUUUUUUUUUUUUUUUUUUusrp_sink :error: In the last 750 ms, 22 underflows occurred.
UUUUUUUUUUUUUUUUUUUUUUusrp_sink :error: In the last 750 ms, 22 underflows occurred.
UUUUUUUUUUUUUUUUUUUUUUusrp_sink :error: In the last 750 ms, 22 underflows occurred.
UUUUUUUUUUUUUUUUUUUUUUusrp_sink :error: In the last 750 ms, 22 underflows occurred.
UUUUUUUUUUUUUUUUUUUUUUusrp_sink :error: In the last 750 ms, 22 underflows occurred.
UUUUUUUUUUUUUUUUUUUUUUusrp_sink :error: In the last 750 ms, 22 underflows occurred.
UUUUUUUUUUUUUUUUUUUUUUusrp_sink :error: In the last 750 ms, 22 underflows occurred.
UUUUUUUUUUUUUUUUUUUUUUusrp_sink :error: In the last 750 ms, 22 underflows occurred.
UUUUUUUUUUUUUUUUUUUUUUusrp_sink :error: In the last 750 ms, 22 underflows occurred.
UUUUUUUUUUUUUUUUUUUUUUusrp_sink :error: In the last 750 ms, 22 underflows occurred.
UUUUUUUUUUUUUUUUUUUUUUusrp_sink :error: In the last 750 ms, 22 underflows occurred.
UUUUUUUUUUUUUUUUUUUUUUusrp_sink :error: In the last 750 ms, 22 underflows occurred.
UUUUUUUUUUUUUUUUUUUUUUusrp_sink :error: In the last 750 ms, 22 underflows occurred.
UUUUUUUUUUUUUUUUUUUUUUusrp_sink :error: In the last 750 ms, 22 underflows occurred.
UUUUUUUUUUUUUUUUUUUUUUusrp_sink :error: In the last 750 ms, 22 underflows occurred.
UUUUUUUUUUUUUUUUUUUUUUusrp_sink :error: In the last 750 ms, 22 underflows occurred.
UUUUUUUUUUUUUUUUUUUUUUusrp_sink :error: In the last 750 ms, 22 underflows occurred.
UUUUUUUUUUUUUUUUUUUUUUusrp_sink :error: In the last 750 ms, 22 underflows occurred.
UUUUUUUUUUUUUUUUUUUUUUusrp_sink :error: In the last 750 ms, 22 underflows occurred.
UUUUUUUUUUUUUUUUUUUUUUusrp_sink :error: In the last 750 ms, 22 underflows occurred.
UUUUUUUUUUUUUUUUUUUUUUusrp_sink :error: In the last 750 ms, 22 underflows occurred.
UUUUUUUUUUUUUUUUUUUUUUusrp_sink :error: In the last 750 ms, 22 underflows occurred.
UUUUUUUUUUUUUUUUUUUUUUusrp_sink :error: In the last 750 ms, 22 underflows occurred.
UUUUUUUUUUUUUUUUUUUUUUusrp_sink :error: In the last 750 ms, 22 underflows occurred.
UUUUUUUUUUUUUUUUUUUUUUusrp_sink :error: In the last 750 ms, 22 underflows occurred.
UUUUUUUUUUUUUUUUUUUUUUusrp_sink :error: In the last 750 ms, 22 underflows occurred.
UUUUUUUUUUUUUUUUUUUUUUusrp_sink :error: In the last 750 ms, 22 underflows occurred.
UUUUUUUUUUUUUUUUUUUUUUusrp_sink :error: In the last 750 ms, 22 underflows occurred.
UUUUUUUUUUUUUUUUUUUUUUusrp_sink :error: In the last 750 ms, 22 underflows occurred.
UUUUUUUUUUUUUUUUUUUUUUusrp_sink :error: In the last 750 ms, 22 underflows occurred.
UUUUUUUUUUUUUUUUUUUUUUusrp_sink :error: In the last 750 ms, 22 underflows occurred.
UUUUUUUUUUUUUUUUUUUUUUusrp_sink :error: In the last 750 ms, 22 underflows occurred.
UUUUUUUUUUUUUUUUUUUUUUusrp_sink :error: In the last 750 ms, 22 underflows occurred.
UUUUUUUUUUUUUUUUUUUUUUusrp_sink :error: In the last 750 ms, 22 underflows occurred.
UUUUUUUUUUUUUUUUUUUUUUusrp_sink :error: In the last 750 ms, 22 underflows occurred.
UUUUUUUUUUUUUUUUUUUUUUusrp_sink :error: In the last 750 ms, 22 underflows occurred.
UUUUUUUUUUUUUUUUUUUUUUusrp_sink :error: In the last 750 ms, 22 underflows occurred.
UUUUUUUUUUUUUUUUUUUUUUusrp_sink :error: In the last 750 ms, 22 underflows occurred.
UUUUUUUUUUUUUUUUUUUUUUusrp_sink :error: In the last 750 ms, 22 underflows occurred.
UUUUUUUUUUUUUUUUUUUUUUusrp_sink :error: In the last 750 ms, 22 underflows occurred.
UUUUUUUUUUUUUUUUUUUUUUusrp_sink :error: In the last 750 ms, 22 underflows occurred.
UUUUUUUUUUUUUUUUUUUUUUusrp_sink :error: In the last 750 ms, 22 underflows occurred.
UUUUUUUUUUUUUUUUUUUUUUusrp_sink :error: In the last 750 ms, 22 underflows occurred.
UUUUUUUUUUUUUUUUUUUUUUusrp_sink :error: In the last 750 ms, 22 underflows occurred.
UUUUUUUUUUUUUUUUUUUUUusrp_sink :error: In the last 750 ms, 21 underflows occurred.
UUUUUUUUUUUUUUUUUUUUUUusrp_sink :error: In the last 750 ms, 22 underflows occurred.
UUUUUUUUUUUUUUUUUUUUUUusrp_sink :error: In the last 750 ms, 22 underflows occurred.
UUUUUUUUUUUUUUUUUUUUUUusrp_sink :error: In the last 750 ms, 22 underflows occurred.
UUUUUUUUUUUUUUUUUUUUUUusrp_sink :error: In the last 750 ms, 22 underflows occurred.
UUUUUUUUUUUUUUUUUUUUUUusrp_sink :error: In the last 750 ms, 22 underflows occurred.
UUUUUUUUUUUUUUUUUUUUUUusrp_sink :error: In the last 750 ms, 22 underflows occurred.
UUUUUUUUUUUUUUUUUUUUUUusrp_sink :error: In the last 750 ms, 22 underflows occurred.
UUUUUUUUUUUUUUUUUUUUUUusrp_sink :error: In the last 750 ms, 22 underflows occurred.
UUUUUUUUUUUUUUUUUUUUUUusrp_sink :error: In the last 750 ms, 22 underflows occurred.
UUUUUUUUUUUUUUUUUUUUUUusrp_sink :error: In the last 750 ms, 22 underflows occurred.
UUUUUUUUUUUUUUUUUUUUUUusrp_sink :error: In the last 750 ms, 22 underflows occurred.
UUUUUUUUUUUUUUUUUUUUUUusrp_sink :error: In the last 750 ms, 22 underflows occurred.
UUUUUUUUUUUUUUUUUUUUUUusrp_sink :error: In the last 750 ms, 22 underflows occurred.
UUUUUUUUUUUUUUUUUUUUUUusrp_sink :error: In the last 750 ms, 22 underflows occurred.
UUUUUUUUUUUUUUUUUUUUUUusrp_sink :error: In the last 750 ms, 22 underflows occurred.
UUUUUUUUUUUUUUUUUUUUUUusrp_sink :error: In the last 750 ms, 22 underflows occurred.
UUUUUUUUUUUUUUUUUUUUUUusrp_sink :error: In the last 750 ms, 22 underflows occurred.
UUUUUUUUUUUUUUUUUUUUUUusrp_sink :error: In the last 750 ms, 22 underflows occurred.
UUUUUUUUUUUUUUUUUUUUUUusrp_sink :error: In the last 750 ms, 22 underflows occurred.
UUUUUUUUUUUUUUUUUUUUUUusrp_sink :error: In the last 750 ms, 22 underflows occurred.
UUUUUUUUUUUUUUUUUUUUUUusrp_sink :error: In the last 750 ms, 22 underflows occurred.
UUUUUUUUUUUUUUUUUUUUUUusrp_sink :error: In the last 750 ms, 22 underflows occurred.
UUUUUUUUUUUUUUUUUUUUUUusrp_sink :error: In the last 750 ms, 22 underflows occurred.
UUUUUUUUUUUUUUUUUUUUUUusrp_sink :error: In the last 750 ms, 22 underflows occurred.
UUUUUUUUUUUUUUUUUUUUUUusrp_sink :error: In the last 750 ms, 22 underflows occurred.
UUUUUUUUUUUUUUUUUUUUUUusrp_sink :error: In the last 750 ms, 22 underflows occurred.
UUUUUUUUUUUUUUUUUUUUUUusrp_sink :error: In the last 750 ms, 22 underflows occurred.
UUUUUUUUUUUUUUUUUUUUUUusrp_sink :error: In the last 750 ms, 22 underflows occurred.
UUUUUUUUUUUUUUUUUUUUUUusrp_sink :error: In the last 750 ms, 22 underflows occurred.
UUUUUUUUUUUUUUUUUUUUUUusrp_sink :error: In the last 750 ms, 22 underflows occurred.
UUUUUUUUUUUUUUUUUUUUUUusrp_sink :error: In the last 750 ms, 22 underflows occurred.
UUUUUUUUUUUUUUUUUUUUUUusrp_sink :error: In the last 750 ms, 22 underflows occurred.
UUUUUUUUUUUUUUUUUUUUUUusrp_sink :error: In the last 750 ms, 22 underflows occurred.
UUUUUUUUUUUUUUUUUUUUUUusrp_sink :error: In the last 750 ms, 22 underflows occurred.
UUUUUUUUUUUUUUUUUUUUUUusrp_sink :error: In the last 750 ms, 22 underflows occurred.
UUUUUUUUUUUUUUUUUUUUUUusrp_sink :error: In the last 750 ms, 22 underflows occurred.
UUUUUUUUUUUUUUUUUUUUUUusrp_sink :error: In the last 750 ms, 22 underflows occurred.
UUUUUUUUUUUUUUUUUUUUUUusrp_sink :error: In the last 750 ms, 22 underflows occurred.
UUUUUUUUUUUUUUUUUUUUUUusrp_sink :error: In the last 750 ms, 22 underflows occurred.
UUUUUUUUUUUUUUUUUUUUUUusrp_sink :error: In the last 750 ms, 22 underflows occurred.
UUUUUUUUUUUUUUUUUUUUUUusrp_sink :error: In the last 750 ms, 22 underflows occurred.
UUUUUUUUUUUUUUUUUUUUUUusrp_sink :error: In the last 750 ms, 22 underflows occurred.
UUUUUUUUUUUUUUUUUUUUUUusrp_sink :error: In the last 750 ms, 22 underflows occurred.
UUUUUUUUUUUUUUUUUUUUUUusrp_sink :error: In the last 750 ms, 22 underflows occurred.
UUUUUUUUUUUUUUUUUUUUUUusrp_sink :error: In the last 750 ms, 22 underflows occurred.
UUUUUUUUUUUUUUUUUUUUUUusrp_sink :error: In the last 750 ms, 22 underflows occurred.
UUUUUUUUUUUUUUUUUUUUUUusrp_sink :error: In the last 750 ms, 22 underflows occurred.
UUUUUUUUUUUUUUUUUUUUUUusrp_sink :error: In the last 750 ms, 22 underflows occurred.
UUUUUUUUUUUUUUUUUUUUUUusrp_sink :error: In the last 750 ms, 22 underflows occurred.
UUUUUUUUUUUUUUUUUUUUUUusrp_sink :error: In the last 750 ms, 22 underflows occurred.
UUUUUUUUUUUUUUUUUUUUUUusrp_sink :error: In the last 750 ms, 22 underflows occurred.
UUUUUUUUUUUUUUUUUUUUUUusrp_sink :error: In the last 750 ms, 22 underflows occurred.
UUUUUUUUUUUUUUUUUUUUUUusrp_sink :error: In the last 750 ms, 22 underflows occurred.
UUUUUUUUUUUUUUUUUUUUUUusrp_sink :error: In the last 750 ms, 22 underflows occurred.
UUUUUUUUUUUUUUUUUUUUUUusrp_sink :error: In the last 750 ms, 22 underflows occurred.
UUUUUUUUUUUUUUUUUUUUUUusrp_sink :error: In the last 750 ms, 22 underflows occurred.
UUUUUUUUUUUUUUUUUUUUUUusrp_sink :error: In the last 750 ms, 22 underflows occurred.
UUUUUUUUUUUUUUUUUUUUUUusrp_sink :error: In the last 750 ms, 22 underflows occurred.
UUUU